<?xml version="1.0" encoding="UTF-8"?>
<testsuite xmlns:xsi="http://www.w3.org/2001/XMLSchema-instance" xsi:noNamespaceSchemaLocation="https://maven.apache.org/surefire/maven-surefire-plugin/xsd/surefire-test-report-3.0.xsd" version="3.0" name="org.acme.GreetingResourceTest" time="71.222" tests="1" errors="0" skipped="0" failures="0">
  <properties>
    <property name="java.specification.version" value="17"/>
    <property name="sun.jnu.encoding" value="UTF-8"/>
    <property name="test.url" value="http://localhost:8081"/>
    <property name="java.class.path" value="/home/parsa/Documents/arch-parsa/Development/mini-projects/about-me-open/practice-code/ui-ux/prototype1.1/target/test-classes:/home/parsa/Documents/arch-parsa/Development/mini-projects/about-me-open/practice-code/ui-ux/prototype1.1/target/classes:/home/parsa/.m2/repository/io/quarkus/quarkus-resteasy-reactive-jackson/3.2.0.Final/quarkus-resteasy-reactive-jackson-3.2.0.Final.jar:/home/parsa/.m2/repository/io/quarkus/quarkus-resteasy-reactive-jackson-common/3.2.0.Final/quarkus-resteasy-reactive-jackson-common-3.2.0.Final.jar:/home/parsa/.m2/repository/io/quarkus/resteasy/reactive/resteasy-reactive-jackson/3.2.0.Final/resteasy-reactive-jackson-3.2.0.Final.jar:/home/parsa/.m2/repository/com/fasterxml/jackson/core/jackson-databind/2.15.2/jackson-databind-2.15.2.jar:/home/parsa/.m2/repository/com/fasterxml/jackson/core/jackson-annotations/2.15.2/jackson-annotations-2.15.2.jar:/home/parsa/.m2/repository/io/quarkus/quarkus-jackson/3.2.0.Final/quarkus-jackson-3.2.0.Final.jar:/home/parsa/.m2/repository/com/fasterxml/jackson/datatype/jackson-datatype-jsr310/2.15.2/jackson-datatype-jsr310-2.15.2.jar:/home/parsa/.m2/repository/com/fasterxml/jackson/datatype/jackson-datatype-jdk8/2.15.2/jackson-datatype-jdk8-2.15.2.jar:/home/parsa/.m2/repository/com/fasterxml/jackson/module/jackson-module-parameter-names/2.15.2/jackson-module-parameter-names-2.15.2.jar:/home/parsa/.m2/repository/io/quarkus/quarkus-arc/3.2.0.Final/quarkus-arc-3.2.0.Final.jar:/home/parsa/.m2/repository/io/quarkus/arc/arc/3.2.0.Final/arc-3.2.0.Final.jar:/home/parsa/.m2/repository/jakarta/enterprise/jakarta.enterprise.cdi-api/4.0.1/jakarta.enterprise.cdi-api-4.0.1.jar:/home/parsa/.m2/repository/jakarta/enterprise/jakarta.enterprise.lang-model/4.0.1/jakarta.enterprise.lang-model-4.0.1.jar:/home/parsa/.m2/repository/jakarta/el/jakarta.el-api/5.0.1/jakarta.el-api-5.0.1.jar:/home/parsa/.m2/repository/jakarta/interceptor/jakarta.interceptor-api/2.1.0/jakarta.interceptor-api-2.1.0.jar:/home/parsa/.m2/repository/jakarta/annotation/jakarta.annotation-api/2.1.1/jakarta.annotation-api-2.1.1.jar:/home/parsa/.m2/repository/jakarta/transaction/jakarta.transaction-api/2.0.1/jakarta.transaction-api-2.0.1.jar:/home/parsa/.m2/repository/io/smallrye/reactive/mutiny/2.3.1/mutiny-2.3.1.jar:/home/parsa/.m2/repository/org/jboss/logging/jboss-logging/3.5.1.Final/jboss-logging-3.5.1.Final.jar:/home/parsa/.m2/repository/io/quarkus/quarkus-core/3.2.0.Final/quarkus-core-3.2.0.Final.jar:/home/parsa/.m2/repository/jakarta/inject/jakarta.inject-api/2.0.1/jakarta.inject-api-2.0.1.jar:/home/parsa/.m2/repository/io/smallrye/common/smallrye-common-os/2.1.0/smallrye-common-os-2.1.0.jar:/home/parsa/.m2/repository/io/quarkus/quarkus-ide-launcher/3.2.0.Final/quarkus-ide-launcher-3.2.0.Final.jar:/home/parsa/.m2/repository/io/quarkus/quarkus-development-mode-spi/3.2.0.Final/quarkus-development-mode-spi-3.2.0.Final.jar:/home/parsa/.m2/repository/io/smallrye/config/smallrye-config/3.3.0/smallrye-config-3.3.0.jar:/home/parsa/.m2/repository/io/smallrye/config/smallrye-config-core/3.3.0/smallrye-config-core-3.3.0.jar:/home/parsa/.m2/repository/org/eclipse/microprofile/config/microprofile-config-api/3.0.3/microprofile-config-api-3.0.3.jar:/home/parsa/.m2/repository/io/smallrye/common/smallrye-common-expression/2.1.0/smallrye-common-expression-2.1.0.jar:/home/parsa/.m2/repository/io/smallrye/common/smallrye-common-function/2.1.0/smallrye-common-function-2.1.0.jar:/home/parsa/.m2/repository/io/smallrye/common/smallrye-common-classloader/2.1.0/smallrye-common-classloader-2.1.0.jar:/home/parsa/.m2/repository/io/smallrye/config/smallrye-config-common/3.3.0/smallrye-config-common-3.3.0.jar:/home/parsa/.m2/repository/org/jboss/logmanager/jboss-logmanager-embedded/1.1.1/jboss-logmanager-embedded-1.1.1.jar:/home/parsa/.m2/repository/org/jboss/logging/jboss-logging-annotations/2.2.1.Final/jboss-logging-annotations-2.2.1.Final.jar:/home/parsa/.m2/repository/org/jboss/threads/jboss-threads/3.5.0.Final/jboss-threads-3.5.0.Final.jar:/home/parsa/.m2/repository/org/slf4j/slf4j-api/2.0.6/slf4j-api-2.0.6.jar:/home/parsa/.m2/repository/org/jboss/slf4j/slf4j-jboss-logmanager/2.0.0.Final/slf4j-jboss-logmanager-2.0.0.Final.jar:/home/parsa/.m2/repository/org/graalvm/sdk/graal-sdk/22.3.2/graal-sdk-22.3.2.jar:/home/parsa/.m2/repository/org/wildfly/common/wildfly-common/1.5.4.Final-format-001/wildfly-common-1.5.4.Final-format-001.jar:/home/parsa/.m2/repository/io/quarkus/quarkus-bootstrap-runner/3.2.0.Final/quarkus-bootstrap-runner-3.2.0.Final.jar:/home/parsa/.m2/repository/io/quarkus/quarkus-fs-util/0.0.9/quarkus-fs-util-0.0.9.jar:/home/parsa/.m2/repository/org/eclipse/microprofile/context-propagation/microprofile-context-propagation-api/1.3/microprofile-context-propagation-api-1.3.jar:/home/parsa/.m2/repository/io/quarkus/quarkus-resteasy-reactive/3.2.0.Final/quarkus-resteasy-reactive-3.2.0.Final.jar:/home/parsa/.m2/repository/io/quarkus/quarkus-resteasy-reactive-common/3.2.0.Final/quarkus-resteasy-reactive-common-3.2.0.Final.jar:/home/parsa/.m2/repository/io/quarkus/resteasy/reactive/resteasy-reactive-common/3.2.0.Final/resteasy-reactive-common-3.2.0.Final.jar:/home/parsa/.m2/repository/io/quarkus/resteasy/reactive/resteasy-reactive-common-types/3.2.0.Final/resteasy-reactive-common-types-3.2.0.Final.jar:/home/parsa/.m2/repository/org/reactivestreams/reactive-streams/1.0.4/reactive-streams-1.0.4.jar:/home/parsa/.m2/repository/io/smallrye/reactive/mutiny-zero-flow-adapters/1.0.0/mutiny-zero-flow-adapters-1.0.0.jar:/home/parsa/.m2/repository/io/quarkus/resteasy/reactive/resteasy-reactive-vertx/3.2.0.Final/resteasy-reactive-vertx-3.2.0.Final.jar:/home/parsa/.m2/repository/io/vertx/vertx-web/4.4.4/vertx-web-4.4.4.jar:/home/parsa/.m2/repository/io/vertx/vertx-web-common/4.4.4/vertx-web-common-4.4.4.jar:/home/parsa/.m2/repository/io/vertx/vertx-auth-common/4.4.4/vertx-auth-common-4.4.4.jar:/home/parsa/.m2/repository/io/vertx/vertx-bridge-common/4.4.4/vertx-bridge-common-4.4.4.jar:/home/parsa/.m2/repository/io/quarkus/resteasy/reactive/resteasy-reactive/3.2.0.Final/resteasy-reactive-3.2.0.Final.jar:/home/parsa/.m2/repository/jakarta/ws/rs/jakarta.ws.rs-api/3.1.0/jakarta.ws.rs-api-3.1.0.jar:/home/parsa/.m2/repository/org/jboss/logging/commons-logging-jboss-logging/1.0.0.Final/commons-logging-jboss-logging-1.0.0.Final.jar:/home/parsa/.m2/repository/jakarta/xml/bind/jakarta.xml.bind-api/4.0.0/jakarta.xml.bind-api-4.0.0.jar:/home/parsa/.m2/repository/jakarta/activation/jakarta.activation-api/2.1.2/jakarta.activation-api-2.1.2.jar:/home/parsa/.m2/repository/io/quarkus/quarkus-vertx-http/3.2.0.Final/quarkus-vertx-http-3.2.0.Final.jar:/home/parsa/.m2/repository/io/quarkus/quarkus-security-runtime-spi/3.2.0.Final/quarkus-security-runtime-spi-3.2.0.Final.jar:/home/parsa/.m2/repository/io/quarkus/quarkus-credentials/3.2.0.Final/quarkus-credentials-3.2.0.Final.jar:/home/parsa/.m2/repository/io/quarkus/quarkus-vertx-http-dev-console-runtime-spi/3.2.0.Final/quarkus-vertx-http-dev-console-runtime-spi-3.2.0.Final.jar:/home/parsa/.m2/repository/io/quarkus/security/quarkus-security/2.0.2.Final/quarkus-security-2.0.2.Final.jar:/home/parsa/.m2/repository/io/smallrye/reactive/smallrye-mutiny-vertx-web/3.5.0/smallrye-mutiny-vertx-web-3.5.0.jar:/home/parsa/.m2/repository/io/smallrye/reactive/smallrye-mutiny-vertx-web-common/3.5.0/smallrye-mutiny-vertx-web-common-3.5.0.jar:/home/parsa/.m2/repository/io/smallrye/reactive/smallrye-mutiny-vertx-auth-common/3.5.0/smallrye-mutiny-vertx-auth-common-3.5.0.jar:/home/parsa/.m2/repository/io/smallrye/reactive/smallrye-mutiny-vertx-bridge-common/3.5.0/smallrye-mutiny-vertx-bridge-common-3.5.0.jar:/home/parsa/.m2/repository/io/smallrye/reactive/smallrye-mutiny-vertx-uri-template/3.5.0/smallrye-mutiny-vertx-uri-template-3.5.0.jar:/home/parsa/.m2/repository/io/vertx/vertx-uri-template/4.4.4/vertx-uri-template-4.4.4.jar:/home/parsa/.m2/repository/io/github/crac/org-crac/0.1.3/org-crac-0.1.3.jar:/home/parsa/.m2/repository/io/quarkus/quarkus-jsonp/3.2.0.Final/quarkus-jsonp-3.2.0.Final.jar:/home/parsa/.m2/repository/org/eclipse/parsson/parsson/1.1.2/parsson-1.1.2.jar:/home/parsa/.m2/repository/jakarta/json/jakarta.json-api/2.1.2/jakarta.json-api-2.1.2.jar:/home/parsa/.m2/repository/io/quarkus/quarkus-kubernetes/3.2.0.Final/quarkus-kubernetes-3.2.0.Final.jar:/home/parsa/.m2/repository/io/quarkus/quarkus-kubernetes-client-internal/3.2.0.Final/quarkus-kubernetes-client-internal-3.2.0.Final.jar:/home/parsa/.m2/repository/io/quarkus/quarkus-container-image/3.2.0.Final/quarkus-container-image-3.2.0.Final.jar:/home/parsa/.m2/repository/io/quarkus/quarkus-container-image-docker/3.2.0.Final/quarkus-container-image-docker-3.2.0.Final.jar:/home/parsa/.m2/repository/io/quarkus/quarkus-container-image-jib/3.2.0.Final/quarkus-container-image-jib-3.2.0.Final.jar:/home/parsa/.m2/repository/io/quarkus/quarkus-vertx/3.2.0.Final/quarkus-vertx-3.2.0.Final.jar:/home/parsa/.m2/repository/io/quarkus/quarkus-netty/3.2.0.Final/quarkus-netty-3.2.0.Final.jar:/home/parsa/.m2/repository/io/netty/netty-codec/4.1.94.Final/netty-codec-4.1.94.Final.jar:/home/parsa/.m2/repository/io/netty/netty-common/4.1.94.Final/netty-common-4.1.94.Final.jar:/home/parsa/.m2/repository/io/netty/netty-codec-http/4.1.94.Final/netty-codec-http-4.1.94.Final.jar:/home/parsa/.m2/repository/io/netty/netty-codec-http2/4.1.94.Final/netty-codec-http2-4.1.94.Final.jar:/home/parsa/.m2/repository/io/netty/netty-handler/4.1.94.Final/netty-handler-4.1.94.Final.jar:/home/parsa/.m2/repository/io/netty/netty-resolver/4.1.94.Final/netty-resolver-4.1.94.Final.jar:/home/parsa/.m2/repository/io/netty/netty-transport-native-unix-common/4.1.94.Final/netty-transport-native-unix-common-4.1.94.Final.jar:/home/parsa/.m2/repository/com/aayushatharva/brotli4j/brotli4j/1.12.0/brotli4j-1.12.0.jar:/home/parsa/.m2/repository/com/aayushatharva/brotli4j/service/1.12.0/service-1.12.0.jar:/home/parsa/.m2/repository/com/aayushatharva/brotli4j/native-linux-x86_64/1.12.0/native-linux-x86_64-1.12.0.jar:/home/parsa/.m2/repository/io/netty/netty-codec-haproxy/4.1.94.Final/netty-codec-haproxy-4.1.94.Final.jar:/home/parsa/.m2/repository/io/netty/netty-buffer/4.1.94.Final/netty-buffer-4.1.94.Final.jar:/home/parsa/.m2/repository/io/netty/netty-transport/4.1.94.Final/netty-transport-4.1.94.Final.jar:/home/parsa/.m2/repository/io/smallrye/common/smallrye-common-annotation/2.1.0/smallrye-common-annotation-2.1.0.jar:/home/parsa/.m2/repository/io/smallrye/common/smallrye-common-vertx-context/2.1.0/smallrye-common-vertx-context-2.1.0.jar:/home/parsa/.m2/repository/io/vertx/vertx-core/4.4.4/vertx-core-4.4.4.jar:/home/parsa/.m2/repository/io/netty/netty-handler-proxy/4.1.94.Final/netty-handler-proxy-4.1.94.Final.jar:/home/parsa/.m2/repository/io/netty/netty-codec-socks/4.1.94.Final/netty-codec-socks-4.1.94.Final.jar:/home/parsa/.m2/repository/io/netty/netty-resolver-dns/4.1.94.Final/netty-resolver-dns-4.1.94.Final.jar:/home/parsa/.m2/repository/io/netty/netty-codec-dns/4.1.94.Final/netty-codec-dns-4.1.94.Final.jar:/home/parsa/.m2/repository/com/fasterxml/jackson/core/jackson-core/2.15.2/jackson-core-2.15.2.jar:/home/parsa/.m2/repository/io/smallrye/common/smallrye-common-constraint/2.1.0/smallrye-common-constraint-2.1.0.jar:/home/parsa/.m2/repository/io/quarkus/quarkus-mutiny/3.2.0.Final/quarkus-mutiny-3.2.0.Final.jar:/home/parsa/.m2/repository/io/quarkus/quarkus-smallrye-context-propagation/3.2.0.Final/quarkus-smallrye-context-propagation-3.2.0.Final.jar:/home/parsa/.m2/repository/io/smallrye/smallrye-context-propagation/2.1.0/smallrye-context-propagation-2.1.0.jar:/home/parsa/.m2/repository/io/smallrye/smallrye-context-propagation-api/2.1.0/smallrye-context-propagation-api-2.1.0.jar:/home/parsa/.m2/repository/io/smallrye/smallrye-context-propagation-storage/2.1.0/smallrye-context-propagation-storage-2.1.0.jar:/home/parsa/.m2/repository/io/smallrye/reactive/mutiny-smallrye-context-propagation/2.3.1/mutiny-smallrye-context-propagation-2.3.1.jar:/home/parsa/.m2/repository/io/quarkus/quarkus-vertx-latebound-mdc-provider/3.2.0.Final/quarkus-vertx-latebound-mdc-provider-3.2.0.Final.jar:/home/parsa/.m2/repository/io/smallrye/reactive/smallrye-mutiny-vertx-core/3.5.0/smallrye-mutiny-vertx-core-3.5.0.jar:/home/parsa/.m2/repository/io/smallrye/reactive/smallrye-mutiny-vertx-runtime/3.5.0/smallrye-mutiny-vertx-runtime-3.5.0.jar:/home/parsa/.m2/repository/io/smallrye/reactive/vertx-mutiny-generator/3.5.0/vertx-mutiny-generator-3.5.0.jar:/home/parsa/.m2/repository/io/vertx/vertx-codegen/4.4.4/vertx-codegen-4.4.4.jar:/home/parsa/.m2/repository/io/smallrye/smallrye-fault-tolerance-vertx/6.2.4/smallrye-fault-tolerance-vertx-6.2.4.jar:/home/parsa/.m2/repository/io/quarkiverse/groovy/quarkus-groovy/3.2.1/quarkus-groovy-3.2.1.jar:/home/parsa/.m2/repository/org/apache/groovy/groovy/4.0.13/groovy-4.0.13.jar:/home/parsa/.m2/repository/io/quarkus/quarkus-junit5/3.2.0.Final/quarkus-junit5-3.2.0.Final.jar:/home/parsa/.m2/repository/io/quarkus/quarkus-bootstrap-core/3.2.0.Final/quarkus-bootstrap-core-3.2.0.Final.jar:/home/parsa/.m2/repository/io/quarkus/quarkus-bootstrap-app-model/3.2.0.Final/quarkus-bootstrap-app-model-3.2.0.Final.jar:/home/parsa/.m2/repository/io/smallrye/common/smallrye-common-io/2.1.0/smallrye-common-io-2.1.0.jar:/home/parsa/.m2/repository/org/eclipse/sisu/org.eclipse.sisu.inject/0.3.5/org.eclipse.sisu.inject-0.3.5.jar:/home/parsa/.m2/repository/io/quarkus/quarkus-test-common/3.2.0.Final/quarkus-test-common-3.2.0.Final.jar:/home/parsa/.m2/repository/io/quarkus/quarkus-core-deployment/3.2.0.Final/quarkus-core-deployment-3.2.0.Final.jar:/home/parsa/.m2/repository/org/aesh/readline/2.4/readline-2.4.jar:/home/parsa/.m2/repository/org/fusesource/jansi/jansi/2.4.0/jansi-2.4.0.jar:/home/parsa/.m2/repository/org/aesh/aesh/2.7/aesh-2.7.jar:/home/parsa/.m2/repository/io/quarkus/gizmo/gizmo/1.6.1.Final/gizmo-1.6.1.Final.jar:/home/parsa/.m2/repository/org/ow2/asm/asm-util/9.5/asm-util-9.5.jar:/home/parsa/.m2/repository/org/ow2/asm/asm-analysis/9.5/asm-analysis-9.5.jar:/home/parsa/.m2/repository/org/ow2/asm/asm/9.5/asm-9.5.jar:/home/parsa/.m2/repository/org/ow2/asm/asm-commons/9.5/asm-commons-9.5.jar:/home/parsa/.m2/repository/org/ow2/asm/asm-tree/9.5/asm-tree-9.5.jar:/home/parsa/.m2/repository/io/quarkus/quarkus-class-change-agent/3.2.0.Final/quarkus-class-change-agent-3.2.0.Final.jar:/home/parsa/.m2/repository/io/quarkus/quarkus-devtools-utilities/3.2.0.Final/quarkus-devtools-utilities-3.2.0.Final.jar:/home/parsa/.m2/repository/io/quarkus/quarkus-builder/3.2.0.Final/quarkus-builder-3.2.0.Final.jar:/home/parsa/.m2/repository/org/junit/platform/junit-platform-launcher/1.9.3/junit-platform-launcher-1.9.3.jar:/home/parsa/.m2/repository/io/quarkus/quarkus-bootstrap-maven-resolver/3.2.0.Final/quarkus-bootstrap-maven-resolver-3.2.0.Final.jar:/home/parsa/.m2/repository/io/smallrye/beanbag/smallrye-beanbag-maven/1.3.2/smallrye-beanbag-maven-1.3.2.jar:/home/parsa/.m2/repository/io/smallrye/beanbag/smallrye-beanbag-sisu/1.3.2/smallrye-beanbag-sisu-1.3.2.jar:/home/parsa/.m2/repository/io/smallrye/beanbag/smallrye-beanbag/1.3.2/smallrye-beanbag-1.3.2.jar:/home/parsa/.m2/repository/javax/inject/javax.inject/1/javax.inject-1.jar:/home/parsa/.m2/repository/org/apache/maven/maven-artifact/3.9.2/maven-artifact-3.9.2.jar:/home/parsa/.m2/repository/org/apache/maven/maven-builder-support/3.9.2/maven-builder-support-3.9.2.jar:/home/parsa/.m2/repository/org/apache/maven/maven-model/3.9.2/maven-model-3.9.2.jar:/home/parsa/.m2/repository/org/apache/maven/maven-model-builder/3.9.2/maven-model-builder-3.9.2.jar:/home/parsa/.m2/repository/org/apache/maven/maven-repository-metadata/3.9.2/maven-repository-metadata-3.9.2.jar:/home/parsa/.m2/repository/org/apache/maven/maven-settings/3.9.2/maven-settings-3.9.2.jar:/home/parsa/.m2/repository/org/apache/maven/resolver/maven-resolver-api/1.9.10/maven-resolver-api-1.9.10.jar:/home/parsa/.m2/repository/org/apache/maven/resolver/maven-resolver-impl/1.9.10/maven-resolver-impl-1.9.10.jar:/home/parsa/.m2/repository/org/apache/maven/resolver/maven-resolver-named-locks/1.9.10/maven-resolver-named-locks-1.9.10.jar:/home/parsa/.m2/repository/org/apache/maven/resolver/maven-resolver-spi/1.9.10/maven-resolver-spi-1.9.10.jar:/home/parsa/.m2/repository/org/apache/maven/resolver/maven-resolver-util/1.9.10/maven-resolver-util-1.9.10.jar:/home/parsa/.m2/repository/org/apache/maven/resolver/maven-resolver-transport-http/1.9.10/maven-resolver-transport-http-1.9.10.jar:/home/parsa/.m2/repository/org/apache/maven/wagon/wagon-provider-api/3.5.3/wagon-provider-api-3.5.3.jar:/home/parsa/.m2/repository/org/apache/maven/wagon/wagon-http-shared/3.5.3/wagon-http-shared-3.5.3.jar:/home/parsa/.m2/repository/org/codehaus/plexus/plexus-interpolation/1.26/plexus-interpolation-1.26.jar:/home/parsa/.m2/repository/org/codehaus/plexus/plexus-utils/3.5.1/plexus-utils-3.5.1.jar:/home/parsa/.m2/repository/org/codehaus/plexus/plexus-xml/4.0.0/plexus-xml-4.0.0.jar:/home/parsa/.m2/repository/org/apache/maven/maven-xml-impl/4.0.0-alpha-5/maven-xml-impl-4.0.0-alpha-5.jar:/home/parsa/.m2/repository/org/apache/maven/maven-api-xml/4.0.0-alpha-5/maven-api-xml-4.0.0-alpha-5.jar:/home/parsa/.m2/repository/org/apache/maven/maven-api-meta/4.0.0-alpha-5/maven-api-meta-4.0.0-alpha-5.jar:/home/parsa/.m2/repository/org/codehaus/plexus/plexus-cipher/2.0/plexus-cipher-2.0.jar:/home/parsa/.m2/repository/org/codehaus/plexus/plexus-sec-dispatcher/2.0/plexus-sec-dispatcher-2.0.jar:/home/parsa/.m2/repository/org/apache/maven/maven-embedder/3.9.2/maven-embedder-3.9.2.jar:/home/parsa/.m2/repository/org/apache/maven/maven-core/3.9.2/maven-core-3.9.2.jar:/home/parsa/.m2/repository/org/codehaus/plexus/plexus-component-annotations/2.1.0/plexus-component-annotations-2.1.0.jar:/home/parsa/.m2/repository/org/apache/maven/maven-plugin-api/3.9.2/maven-plugin-api-3.9.2.jar:/home/parsa/.m2/repository/org/apache/maven/shared/maven-shared-utils/3.3.4/maven-shared-utils-3.3.4.jar:/home/parsa/.m2/repository/com/google/inject/guice/5.1.0/guice-5.1.0.jar:/home/parsa/.m2/repository/aopalliance/aopalliance/1.0/aopalliance-1.0.jar:/home/parsa/.m2/repository/com/google/guava/guava/32.0.0-jre/guava-32.0.0-jre.jar:/home/parsa/.m2/repository/com/google/guava/failureaccess/1.0.1/failureaccess-1.0.1.jar:/home/parsa/.m2/repository/javax/annotation/javax.annotation-api/1.3.2/javax.annotation-api-1.3.2.jar:/home/parsa/.m2/repository/org/codehaus/plexus/plexus-classworlds/2.6.0/plexus-classworlds-2.6.0.jar:/home/parsa/.m2/repository/commons-cli/commons-cli/1.4/commons-cli-1.4.jar:/home/parsa/.m2/repository/org/eclipse/sisu/org.eclipse.sisu.plexus/0.3.5/org.eclipse.sisu.plexus-0.3.5.jar:/home/parsa/.m2/repository/org/apache/maven/maven-settings-builder/3.9.2/maven-settings-builder-3.9.2.jar:/home/parsa/.m2/repository/org/apache/maven/maven-resolver-provider/3.9.2/maven-resolver-provider-3.9.2.jar:/home/parsa/.m2/repository/org/apache/maven/resolver/maven-resolver-connector-basic/1.9.10/maven-resolver-connector-basic-1.9.10.jar:/home/parsa/.m2/repository/org/apache/maven/resolver/maven-resolver-transport-wagon/1.9.10/maven-resolver-transport-wagon-1.9.10.jar:/home/parsa/.m2/repository/org/apache/maven/wagon/wagon-http/3.5.3/wagon-http-3.5.3.jar:/home/parsa/.m2/repository/org/apache/maven/wagon/wagon-file/3.5.3/wagon-file-3.5.3.jar:/home/parsa/.m2/repository/io/quarkus/quarkus-bootstrap-gradle-resolver/3.2.0.Final/quarkus-bootstrap-gradle-resolver-3.2.0.Final.jar:/home/parsa/.m2/repository/io/smallrye/jandex/3.1.2/jandex-3.1.2.jar:/home/parsa/.m2/repository/commons-io/commons-io/2.13.0/commons-io-2.13.0.jar:/home/parsa/.m2/repository/io/quarkus/quarkus-junit5-properties/3.2.0.Final/quarkus-junit5-properties-3.2.0.Final.jar:/home/parsa/.m2/repository/org/junit/jupiter/junit-jupiter/5.9.3/junit-jupiter-5.9.3.jar:/home/parsa/.m2/repository/org/junit/jupiter/junit-jupiter-api/5.9.3/junit-jupiter-api-5.9.3.jar:/home/parsa/.m2/repository/org/opentest4j/opentest4j/1.2.0/opentest4j-1.2.0.jar:/home/parsa/.m2/repository/org/junit/platform/junit-platform-commons/1.9.3/junit-platform-commons-1.9.3.jar:/home/parsa/.m2/repository/org/apiguardian/apiguardian-api/1.1.2/apiguardian-api-1.1.2.jar:/home/parsa/.m2/repository/org/junit/jupiter/junit-jupiter-params/5.9.3/junit-jupiter-params-5.9.3.jar:/home/parsa/.m2/repository/org/junit/jupiter/junit-jupiter-engine/5.9.3/junit-jupiter-engine-5.9.3.jar:/home/parsa/.m2/repository/org/junit/platform/junit-platform-engine/1.9.3/junit-platform-engine-1.9.3.jar:/home/parsa/.m2/repository/com/thoughtworks/xstream/xstream/1.4.20/xstream-1.4.20.jar:/home/parsa/.m2/repository/io/github/x-stream/mxparser/1.2.2/mxparser-1.2.2.jar:/home/parsa/.m2/repository/xmlpull/xmlpull/1.1.3.1/xmlpull-1.1.3.1.jar:/home/parsa/.m2/repository/io/rest-assured/rest-assured/5.3.0/rest-assured-5.3.0.jar:/home/parsa/.m2/repository/org/apache/groovy/groovy-xml/4.0.6/groovy-xml-4.0.6.jar:/home/parsa/.m2/repository/org/apache/httpcomponents/httpclient/4.5.14/httpclient-4.5.14.jar:/home/parsa/.m2/repository/org/apache/httpcomponents/httpcore/4.4.16/httpcore-4.4.16.jar:/home/parsa/.m2/repository/commons-codec/commons-codec/1.16.0/commons-codec-1.16.0.jar:/home/parsa/.m2/repository/org/apache/httpcomponents/httpmime/4.5.14/httpmime-4.5.14.jar:/home/parsa/.m2/repository/org/hamcrest/hamcrest/2.1/hamcrest-2.1.jar:/home/parsa/.m2/repository/org/ccil/cowan/tagsoup/tagsoup/1.2.1/tagsoup-1.2.1.jar:/home/parsa/.m2/repository/io/rest-assured/json-path/5.3.0/json-path-5.3.0.jar:/home/parsa/.m2/repository/org/apache/groovy/groovy-json/4.0.6/groovy-json-4.0.6.jar:/home/parsa/.m2/repository/io/rest-assured/rest-assured-common/5.3.0/rest-assured-common-5.3.0.jar:/home/parsa/.m2/repository/io/rest-assured/xml-path/5.3.0/xml-path-5.3.0.jar:/home/parsa/.m2/repository/org/apache/commons/commons-lang3/3.12.0/commons-lang3-3.12.0.jar:"/>
    <property name="java.vm.vendor" value="Oracle Corporation"/>
    <property name="sun.arch.data.model" value="64"/>
    <property name="quarkusRegistryClient" value="true"/>
    <property name="java.vendor.url" value="https://openjdk.java.net/"/>
    <property name="user.timezone" value="Africa/Nairobi"/>
    <property name="logging.initial-configurator.min-level" value="500"/>
    <property name="os.name" value="Linux"/>
    <property name="java.vm.specification.version" value="17"/>
    <property name="sun.java.launcher" value="SUN_STANDARD"/>
    <property name="user.country" value="US"/>
    <property name="sun.boot.library.path" value="/usr/lib/jvm/java-17-openjdk/lib"/>
    <property name="sun.java.command" value="/home/parsa/Documents/arch-parsa/Development/mini-projects/about-me-open/practice-code/ui-ux/prototype1.1/target/surefire/surefirebooter-20230712221658604_3.jar /home/parsa/Documents/arch-parsa/Development/mini-projects/about-me-open/practice-code/ui-ux/prototype1.1/target/surefire 2023-07-12T22-16-58_504-jvmRun1 surefire-20230712221658604_1tmp surefire_0-20230712221658604_2tmp"/>
    <property name="maven.home" value="/home/parsa/.m2/wrapper/dists/apache-maven-3.8.8-bin/67c30f74/apache-maven-3.8.8"/>
    <property name="jdk.debug" value="release"/>
    <property name="surefire.test.class.path" value="/home/parsa/Documents/arch-parsa/Development/mini-projects/about-me-open/practice-code/ui-ux/prototype1.1/target/test-classes:/home/parsa/Documents/arch-parsa/Development/mini-projects/about-me-open/practice-code/ui-ux/prototype1.1/target/classes:/home/parsa/.m2/repository/io/quarkus/quarkus-resteasy-reactive-jackson/3.2.0.Final/quarkus-resteasy-reactive-jackson-3.2.0.Final.jar:/home/parsa/.m2/repository/io/quarkus/quarkus-resteasy-reactive-jackson-common/3.2.0.Final/quarkus-resteasy-reactive-jackson-common-3.2.0.Final.jar:/home/parsa/.m2/repository/io/quarkus/resteasy/reactive/resteasy-reactive-jackson/3.2.0.Final/resteasy-reactive-jackson-3.2.0.Final.jar:/home/parsa/.m2/repository/com/fasterxml/jackson/core/jackson-databind/2.15.2/jackson-databind-2.15.2.jar:/home/parsa/.m2/repository/com/fasterxml/jackson/core/jackson-annotations/2.15.2/jackson-annotations-2.15.2.jar:/home/parsa/.m2/repository/io/quarkus/quarkus-jackson/3.2.0.Final/quarkus-jackson-3.2.0.Final.jar:/home/parsa/.m2/repository/com/fasterxml/jackson/datatype/jackson-datatype-jsr310/2.15.2/jackson-datatype-jsr310-2.15.2.jar:/home/parsa/.m2/repository/com/fasterxml/jackson/datatype/jackson-datatype-jdk8/2.15.2/jackson-datatype-jdk8-2.15.2.jar:/home/parsa/.m2/repository/com/fasterxml/jackson/module/jackson-module-parameter-names/2.15.2/jackson-module-parameter-names-2.15.2.jar:/home/parsa/.m2/repository/io/quarkus/quarkus-arc/3.2.0.Final/quarkus-arc-3.2.0.Final.jar:/home/parsa/.m2/repository/io/quarkus/arc/arc/3.2.0.Final/arc-3.2.0.Final.jar:/home/parsa/.m2/repository/jakarta/enterprise/jakarta.enterprise.cdi-api/4.0.1/jakarta.enterprise.cdi-api-4.0.1.jar:/home/parsa/.m2/repository/jakarta/enterprise/jakarta.enterprise.lang-model/4.0.1/jakarta.enterprise.lang-model-4.0.1.jar:/home/parsa/.m2/repository/jakarta/el/jakarta.el-api/5.0.1/jakarta.el-api-5.0.1.jar:/home/parsa/.m2/repository/jakarta/interceptor/jakarta.interceptor-api/2.1.0/jakarta.interceptor-api-2.1.0.jar:/home/parsa/.m2/repository/jakarta/annotation/jakarta.annotation-api/2.1.1/jakarta.annotation-api-2.1.1.jar:/home/parsa/.m2/repository/jakarta/transaction/jakarta.transaction-api/2.0.1/jakarta.transaction-api-2.0.1.jar:/home/parsa/.m2/repository/io/smallrye/reactive/mutiny/2.3.1/mutiny-2.3.1.jar:/home/parsa/.m2/repository/org/jboss/logging/jboss-logging/3.5.1.Final/jboss-logging-3.5.1.Final.jar:/home/parsa/.m2/repository/io/quarkus/quarkus-core/3.2.0.Final/quarkus-core-3.2.0.Final.jar:/home/parsa/.m2/repository/jakarta/inject/jakarta.inject-api/2.0.1/jakarta.inject-api-2.0.1.jar:/home/parsa/.m2/repository/io/smallrye/common/smallrye-common-os/2.1.0/smallrye-common-os-2.1.0.jar:/home/parsa/.m2/repository/io/quarkus/quarkus-ide-launcher/3.2.0.Final/quarkus-ide-launcher-3.2.0.Final.jar:/home/parsa/.m2/repository/io/quarkus/quarkus-development-mode-spi/3.2.0.Final/quarkus-development-mode-spi-3.2.0.Final.jar:/home/parsa/.m2/repository/io/smallrye/config/smallrye-config/3.3.0/smallrye-config-3.3.0.jar:/home/parsa/.m2/repository/io/smallrye/config/smallrye-config-core/3.3.0/smallrye-config-core-3.3.0.jar:/home/parsa/.m2/repository/org/eclipse/microprofile/config/microprofile-config-api/3.0.3/microprofile-config-api-3.0.3.jar:/home/parsa/.m2/repository/io/smallrye/common/smallrye-common-expression/2.1.0/smallrye-common-expression-2.1.0.jar:/home/parsa/.m2/repository/io/smallrye/common/smallrye-common-function/2.1.0/smallrye-common-function-2.1.0.jar:/home/parsa/.m2/repository/io/smallrye/common/smallrye-common-classloader/2.1.0/smallrye-common-classloader-2.1.0.jar:/home/parsa/.m2/repository/io/smallrye/config/smallrye-config-common/3.3.0/smallrye-config-common-3.3.0.jar:/home/parsa/.m2/repository/org/jboss/logmanager/jboss-logmanager-embedded/1.1.1/jboss-logmanager-embedded-1.1.1.jar:/home/parsa/.m2/repository/org/jboss/logging/jboss-logging-annotations/2.2.1.Final/jboss-logging-annotations-2.2.1.Final.jar:/home/parsa/.m2/repository/org/jboss/threads/jboss-threads/3.5.0.Final/jboss-threads-3.5.0.Final.jar:/home/parsa/.m2/repository/org/slf4j/slf4j-api/2.0.6/slf4j-api-2.0.6.jar:/home/parsa/.m2/repository/org/jboss/slf4j/slf4j-jboss-logmanager/2.0.0.Final/slf4j-jboss-logmanager-2.0.0.Final.jar:/home/parsa/.m2/repository/org/graalvm/sdk/graal-sdk/22.3.2/graal-sdk-22.3.2.jar:/home/parsa/.m2/repository/org/wildfly/common/wildfly-common/1.5.4.Final-format-001/wildfly-common-1.5.4.Final-format-001.jar:/home/parsa/.m2/repository/io/quarkus/quarkus-bootstrap-runner/3.2.0.Final/quarkus-bootstrap-runner-3.2.0.Final.jar:/home/parsa/.m2/repository/io/quarkus/quarkus-fs-util/0.0.9/quarkus-fs-util-0.0.9.jar:/home/parsa/.m2/repository/org/eclipse/microprofile/context-propagation/microprofile-context-propagation-api/1.3/microprofile-context-propagation-api-1.3.jar:/home/parsa/.m2/repository/io/quarkus/quarkus-resteasy-reactive/3.2.0.Final/quarkus-resteasy-reactive-3.2.0.Final.jar:/home/parsa/.m2/repository/io/quarkus/quarkus-resteasy-reactive-common/3.2.0.Final/quarkus-resteasy-reactive-common-3.2.0.Final.jar:/home/parsa/.m2/repository/io/quarkus/resteasy/reactive/resteasy-reactive-common/3.2.0.Final/resteasy-reactive-common-3.2.0.Final.jar:/home/parsa/.m2/repository/io/quarkus/resteasy/reactive/resteasy-reactive-common-types/3.2.0.Final/resteasy-reactive-common-types-3.2.0.Final.jar:/home/parsa/.m2/repository/org/reactivestreams/reactive-streams/1.0.4/reactive-streams-1.0.4.jar:/home/parsa/.m2/repository/io/smallrye/reactive/mutiny-zero-flow-adapters/1.0.0/mutiny-zero-flow-adapters-1.0.0.jar:/home/parsa/.m2/repository/io/quarkus/resteasy/reactive/resteasy-reactive-vertx/3.2.0.Final/resteasy-reactive-vertx-3.2.0.Final.jar:/home/parsa/.m2/repository/io/vertx/vertx-web/4.4.4/vertx-web-4.4.4.jar:/home/parsa/.m2/repository/io/vertx/vertx-web-common/4.4.4/vertx-web-common-4.4.4.jar:/home/parsa/.m2/repository/io/vertx/vertx-auth-common/4.4.4/vertx-auth-common-4.4.4.jar:/home/parsa/.m2/repository/io/vertx/vertx-bridge-common/4.4.4/vertx-bridge-common-4.4.4.jar:/home/parsa/.m2/repository/io/quarkus/resteasy/reactive/resteasy-reactive/3.2.0.Final/resteasy-reactive-3.2.0.Final.jar:/home/parsa/.m2/repository/jakarta/ws/rs/jakarta.ws.rs-api/3.1.0/jakarta.ws.rs-api-3.1.0.jar:/home/parsa/.m2/repository/org/jboss/logging/commons-logging-jboss-logging/1.0.0.Final/commons-logging-jboss-logging-1.0.0.Final.jar:/home/parsa/.m2/repository/jakarta/xml/bind/jakarta.xml.bind-api/4.0.0/jakarta.xml.bind-api-4.0.0.jar:/home/parsa/.m2/repository/jakarta/activation/jakarta.activation-api/2.1.2/jakarta.activation-api-2.1.2.jar:/home/parsa/.m2/repository/io/quarkus/quarkus-vertx-http/3.2.0.Final/quarkus-vertx-http-3.2.0.Final.jar:/home/parsa/.m2/repository/io/quarkus/quarkus-security-runtime-spi/3.2.0.Final/quarkus-security-runtime-spi-3.2.0.Final.jar:/home/parsa/.m2/repository/io/quarkus/quarkus-credentials/3.2.0.Final/quarkus-credentials-3.2.0.Final.jar:/home/parsa/.m2/repository/io/quarkus/quarkus-vertx-http-dev-console-runtime-spi/3.2.0.Final/quarkus-vertx-http-dev-console-runtime-spi-3.2.0.Final.jar:/home/parsa/.m2/repository/io/quarkus/security/quarkus-security/2.0.2.Final/quarkus-security-2.0.2.Final.jar:/home/parsa/.m2/repository/io/smallrye/reactive/smallrye-mutiny-vertx-web/3.5.0/smallrye-mutiny-vertx-web-3.5.0.jar:/home/parsa/.m2/repository/io/smallrye/reactive/smallrye-mutiny-vertx-web-common/3.5.0/smallrye-mutiny-vertx-web-common-3.5.0.jar:/home/parsa/.m2/repository/io/smallrye/reactive/smallrye-mutiny-vertx-auth-common/3.5.0/smallrye-mutiny-vertx-auth-common-3.5.0.jar:/home/parsa/.m2/repository/io/smallrye/reactive/smallrye-mutiny-vertx-bridge-common/3.5.0/smallrye-mutiny-vertx-bridge-common-3.5.0.jar:/home/parsa/.m2/repository/io/smallrye/reactive/smallrye-mutiny-vertx-uri-template/3.5.0/smallrye-mutiny-vertx-uri-template-3.5.0.jar:/home/parsa/.m2/repository/io/vertx/vertx-uri-template/4.4.4/vertx-uri-template-4.4.4.jar:/home/parsa/.m2/repository/io/github/crac/org-crac/0.1.3/org-crac-0.1.3.jar:/home/parsa/.m2/repository/io/quarkus/quarkus-jsonp/3.2.0.Final/quarkus-jsonp-3.2.0.Final.jar:/home/parsa/.m2/repository/org/eclipse/parsson/parsson/1.1.2/parsson-1.1.2.jar:/home/parsa/.m2/repository/jakarta/json/jakarta.json-api/2.1.2/jakarta.json-api-2.1.2.jar:/home/parsa/.m2/repository/io/quarkus/quarkus-kubernetes/3.2.0.Final/quarkus-kubernetes-3.2.0.Final.jar:/home/parsa/.m2/repository/io/quarkus/quarkus-kubernetes-client-internal/3.2.0.Final/quarkus-kubernetes-client-internal-3.2.0.Final.jar:/home/parsa/.m2/repository/io/quarkus/quarkus-container-image/3.2.0.Final/quarkus-container-image-3.2.0.Final.jar:/home/parsa/.m2/repository/io/quarkus/quarkus-container-image-docker/3.2.0.Final/quarkus-container-image-docker-3.2.0.Final.jar:/home/parsa/.m2/repository/io/quarkus/quarkus-container-image-jib/3.2.0.Final/quarkus-container-image-jib-3.2.0.Final.jar:/home/parsa/.m2/repository/io/quarkus/quarkus-vertx/3.2.0.Final/quarkus-vertx-3.2.0.Final.jar:/home/parsa/.m2/repository/io/quarkus/quarkus-netty/3.2.0.Final/quarkus-netty-3.2.0.Final.jar:/home/parsa/.m2/repository/io/netty/netty-codec/4.1.94.Final/netty-codec-4.1.94.Final.jar:/home/parsa/.m2/repository/io/netty/netty-common/4.1.94.Final/netty-common-4.1.94.Final.jar:/home/parsa/.m2/repository/io/netty/netty-codec-http/4.1.94.Final/netty-codec-http-4.1.94.Final.jar:/home/parsa/.m2/repository/io/netty/netty-codec-http2/4.1.94.Final/netty-codec-http2-4.1.94.Final.jar:/home/parsa/.m2/repository/io/netty/netty-handler/4.1.94.Final/netty-handler-4.1.94.Final.jar:/home/parsa/.m2/repository/io/netty/netty-resolver/4.1.94.Final/netty-resolver-4.1.94.Final.jar:/home/parsa/.m2/repository/io/netty/netty-transport-native-unix-common/4.1.94.Final/netty-transport-native-unix-common-4.1.94.Final.jar:/home/parsa/.m2/repository/com/aayushatharva/brotli4j/brotli4j/1.12.0/brotli4j-1.12.0.jar:/home/parsa/.m2/repository/com/aayushatharva/brotli4j/service/1.12.0/service-1.12.0.jar:/home/parsa/.m2/repository/com/aayushatharva/brotli4j/native-linux-x86_64/1.12.0/native-linux-x86_64-1.12.0.jar:/home/parsa/.m2/repository/io/netty/netty-codec-haproxy/4.1.94.Final/netty-codec-haproxy-4.1.94.Final.jar:/home/parsa/.m2/repository/io/netty/netty-buffer/4.1.94.Final/netty-buffer-4.1.94.Final.jar:/home/parsa/.m2/repository/io/netty/netty-transport/4.1.94.Final/netty-transport-4.1.94.Final.jar:/home/parsa/.m2/repository/io/smallrye/common/smallrye-common-annotation/2.1.0/smallrye-common-annotation-2.1.0.jar:/home/parsa/.m2/repository/io/smallrye/common/smallrye-common-vertx-context/2.1.0/smallrye-common-vertx-context-2.1.0.jar:/home/parsa/.m2/repository/io/vertx/vertx-core/4.4.4/vertx-core-4.4.4.jar:/home/parsa/.m2/repository/io/netty/netty-handler-proxy/4.1.94.Final/netty-handler-proxy-4.1.94.Final.jar:/home/parsa/.m2/repository/io/netty/netty-codec-socks/4.1.94.Final/netty-codec-socks-4.1.94.Final.jar:/home/parsa/.m2/repository/io/netty/netty-resolver-dns/4.1.94.Final/netty-resolver-dns-4.1.94.Final.jar:/home/parsa/.m2/repository/io/netty/netty-codec-dns/4.1.94.Final/netty-codec-dns-4.1.94.Final.jar:/home/parsa/.m2/repository/com/fasterxml/jackson/core/jackson-core/2.15.2/jackson-core-2.15.2.jar:/home/parsa/.m2/repository/io/smallrye/common/smallrye-common-constraint/2.1.0/smallrye-common-constraint-2.1.0.jar:/home/parsa/.m2/repository/io/quarkus/quarkus-mutiny/3.2.0.Final/quarkus-mutiny-3.2.0.Final.jar:/home/parsa/.m2/repository/io/quarkus/quarkus-smallrye-context-propagation/3.2.0.Final/quarkus-smallrye-context-propagation-3.2.0.Final.jar:/home/parsa/.m2/repository/io/smallrye/smallrye-context-propagation/2.1.0/smallrye-context-propagation-2.1.0.jar:/home/parsa/.m2/repository/io/smallrye/smallrye-context-propagation-api/2.1.0/smallrye-context-propagation-api-2.1.0.jar:/home/parsa/.m2/repository/io/smallrye/smallrye-context-propagation-storage/2.1.0/smallrye-context-propagation-storage-2.1.0.jar:/home/parsa/.m2/repository/io/smallrye/reactive/mutiny-smallrye-context-propagation/2.3.1/mutiny-smallrye-context-propagation-2.3.1.jar:/home/parsa/.m2/repository/io/quarkus/quarkus-vertx-latebound-mdc-provider/3.2.0.Final/quarkus-vertx-latebound-mdc-provider-3.2.0.Final.jar:/home/parsa/.m2/repository/io/smallrye/reactive/smallrye-mutiny-vertx-core/3.5.0/smallrye-mutiny-vertx-core-3.5.0.jar:/home/parsa/.m2/repository/io/smallrye/reactive/smallrye-mutiny-vertx-runtime/3.5.0/smallrye-mutiny-vertx-runtime-3.5.0.jar:/home/parsa/.m2/repository/io/smallrye/reactive/vertx-mutiny-generator/3.5.0/vertx-mutiny-generator-3.5.0.jar:/home/parsa/.m2/repository/io/vertx/vertx-codegen/4.4.4/vertx-codegen-4.4.4.jar:/home/parsa/.m2/repository/io/smallrye/smallrye-fault-tolerance-vertx/6.2.4/smallrye-fault-tolerance-vertx-6.2.4.jar:/home/parsa/.m2/repository/io/quarkiverse/groovy/quarkus-groovy/3.2.1/quarkus-groovy-3.2.1.jar:/home/parsa/.m2/repository/org/apache/groovy/groovy/4.0.13/groovy-4.0.13.jar:/home/parsa/.m2/repository/io/quarkus/quarkus-junit5/3.2.0.Final/quarkus-junit5-3.2.0.Final.jar:/home/parsa/.m2/repository/io/quarkus/quarkus-bootstrap-core/3.2.0.Final/quarkus-bootstrap-core-3.2.0.Final.jar:/home/parsa/.m2/repository/io/quarkus/quarkus-bootstrap-app-model/3.2.0.Final/quarkus-bootstrap-app-model-3.2.0.Final.jar:/home/parsa/.m2/repository/io/smallrye/common/smallrye-common-io/2.1.0/smallrye-common-io-2.1.0.jar:/home/parsa/.m2/repository/org/eclipse/sisu/org.eclipse.sisu.inject/0.3.5/org.eclipse.sisu.inject-0.3.5.jar:/home/parsa/.m2/repository/io/quarkus/quarkus-test-common/3.2.0.Final/quarkus-test-common-3.2.0.Final.jar:/home/parsa/.m2/repository/io/quarkus/quarkus-core-deployment/3.2.0.Final/quarkus-core-deployment-3.2.0.Final.jar:/home/parsa/.m2/repository/org/aesh/readline/2.4/readline-2.4.jar:/home/parsa/.m2/repository/org/fusesource/jansi/jansi/2.4.0/jansi-2.4.0.jar:/home/parsa/.m2/repository/org/aesh/aesh/2.7/aesh-2.7.jar:/home/parsa/.m2/repository/io/quarkus/gizmo/gizmo/1.6.1.Final/gizmo-1.6.1.Final.jar:/home/parsa/.m2/repository/org/ow2/asm/asm-util/9.5/asm-util-9.5.jar:/home/parsa/.m2/repository/org/ow2/asm/asm-analysis/9.5/asm-analysis-9.5.jar:/home/parsa/.m2/repository/org/ow2/asm/asm/9.5/asm-9.5.jar:/home/parsa/.m2/repository/org/ow2/asm/asm-commons/9.5/asm-commons-9.5.jar:/home/parsa/.m2/repository/org/ow2/asm/asm-tree/9.5/asm-tree-9.5.jar:/home/parsa/.m2/repository/io/quarkus/quarkus-class-change-agent/3.2.0.Final/quarkus-class-change-agent-3.2.0.Final.jar:/home/parsa/.m2/repository/io/quarkus/quarkus-devtools-utilities/3.2.0.Final/quarkus-devtools-utilities-3.2.0.Final.jar:/home/parsa/.m2/repository/io/quarkus/quarkus-builder/3.2.0.Final/quarkus-builder-3.2.0.Final.jar:/home/parsa/.m2/repository/org/junit/platform/junit-platform-launcher/1.9.3/junit-platform-launcher-1.9.3.jar:/home/parsa/.m2/repository/io/quarkus/quarkus-bootstrap-maven-resolver/3.2.0.Final/quarkus-bootstrap-maven-resolver-3.2.0.Final.jar:/home/parsa/.m2/repository/io/smallrye/beanbag/smallrye-beanbag-maven/1.3.2/smallrye-beanbag-maven-1.3.2.jar:/home/parsa/.m2/repository/io/smallrye/beanbag/smallrye-beanbag-sisu/1.3.2/smallrye-beanbag-sisu-1.3.2.jar:/home/parsa/.m2/repository/io/smallrye/beanbag/smallrye-beanbag/1.3.2/smallrye-beanbag-1.3.2.jar:/home/parsa/.m2/repository/javax/inject/javax.inject/1/javax.inject-1.jar:/home/parsa/.m2/repository/org/apache/maven/maven-artifact/3.9.2/maven-artifact-3.9.2.jar:/home/parsa/.m2/repository/org/apache/maven/maven-builder-support/3.9.2/maven-builder-support-3.9.2.jar:/home/parsa/.m2/repository/org/apache/maven/maven-model/3.9.2/maven-model-3.9.2.jar:/home/parsa/.m2/repository/org/apache/maven/maven-model-builder/3.9.2/maven-model-builder-3.9.2.jar:/home/parsa/.m2/repository/org/apache/maven/maven-repository-metadata/3.9.2/maven-repository-metadata-3.9.2.jar:/home/parsa/.m2/repository/org/apache/maven/maven-settings/3.9.2/maven-settings-3.9.2.jar:/home/parsa/.m2/repository/org/apache/maven/resolver/maven-resolver-api/1.9.10/maven-resolver-api-1.9.10.jar:/home/parsa/.m2/repository/org/apache/maven/resolver/maven-resolver-impl/1.9.10/maven-resolver-impl-1.9.10.jar:/home/parsa/.m2/repository/org/apache/maven/resolver/maven-resolver-named-locks/1.9.10/maven-resolver-named-locks-1.9.10.jar:/home/parsa/.m2/repository/org/apache/maven/resolver/maven-resolver-spi/1.9.10/maven-resolver-spi-1.9.10.jar:/home/parsa/.m2/repository/org/apache/maven/resolver/maven-resolver-util/1.9.10/maven-resolver-util-1.9.10.jar:/home/parsa/.m2/repository/org/apache/maven/resolver/maven-resolver-transport-http/1.9.10/maven-resolver-transport-http-1.9.10.jar:/home/parsa/.m2/repository/org/apache/maven/wagon/wagon-provider-api/3.5.3/wagon-provider-api-3.5.3.jar:/home/parsa/.m2/repository/org/apache/maven/wagon/wagon-http-shared/3.5.3/wagon-http-shared-3.5.3.jar:/home/parsa/.m2/repository/org/codehaus/plexus/plexus-interpolation/1.26/plexus-interpolation-1.26.jar:/home/parsa/.m2/repository/org/codehaus/plexus/plexus-utils/3.5.1/plexus-utils-3.5.1.jar:/home/parsa/.m2/repository/org/codehaus/plexus/plexus-xml/4.0.0/plexus-xml-4.0.0.jar:/home/parsa/.m2/repository/org/apache/maven/maven-xml-impl/4.0.0-alpha-5/maven-xml-impl-4.0.0-alpha-5.jar:/home/parsa/.m2/repository/org/apache/maven/maven-api-xml/4.0.0-alpha-5/maven-api-xml-4.0.0-alpha-5.jar:/home/parsa/.m2/repository/org/apache/maven/maven-api-meta/4.0.0-alpha-5/maven-api-meta-4.0.0-alpha-5.jar:/home/parsa/.m2/repository/org/codehaus/plexus/plexus-cipher/2.0/plexus-cipher-2.0.jar:/home/parsa/.m2/repository/org/codehaus/plexus/plexus-sec-dispatcher/2.0/plexus-sec-dispatcher-2.0.jar:/home/parsa/.m2/repository/org/apache/maven/maven-embedder/3.9.2/maven-embedder-3.9.2.jar:/home/parsa/.m2/repository/org/apache/maven/maven-core/3.9.2/maven-core-3.9.2.jar:/home/parsa/.m2/repository/org/codehaus/plexus/plexus-component-annotations/2.1.0/plexus-component-annotations-2.1.0.jar:/home/parsa/.m2/repository/org/apache/maven/maven-plugin-api/3.9.2/maven-plugin-api-3.9.2.jar:/home/parsa/.m2/repository/org/apache/maven/shared/maven-shared-utils/3.3.4/maven-shared-utils-3.3.4.jar:/home/parsa/.m2/repository/com/google/inject/guice/5.1.0/guice-5.1.0.jar:/home/parsa/.m2/repository/aopalliance/aopalliance/1.0/aopalliance-1.0.jar:/home/parsa/.m2/repository/com/google/guava/guava/32.0.0-jre/guava-32.0.0-jre.jar:/home/parsa/.m2/repository/com/google/guava/failureaccess/1.0.1/failureaccess-1.0.1.jar:/home/parsa/.m2/repository/javax/annotation/javax.annotation-api/1.3.2/javax.annotation-api-1.3.2.jar:/home/parsa/.m2/repository/org/codehaus/plexus/plexus-classworlds/2.6.0/plexus-classworlds-2.6.0.jar:/home/parsa/.m2/repository/commons-cli/commons-cli/1.4/commons-cli-1.4.jar:/home/parsa/.m2/repository/org/eclipse/sisu/org.eclipse.sisu.plexus/0.3.5/org.eclipse.sisu.plexus-0.3.5.jar:/home/parsa/.m2/repository/org/apache/maven/maven-settings-builder/3.9.2/maven-settings-builder-3.9.2.jar:/home/parsa/.m2/repository/org/apache/maven/maven-resolver-provider/3.9.2/maven-resolver-provider-3.9.2.jar:/home/parsa/.m2/repository/org/apache/maven/resolver/maven-resolver-connector-basic/1.9.10/maven-resolver-connector-basic-1.9.10.jar:/home/parsa/.m2/repository/org/apache/maven/resolver/maven-resolver-transport-wagon/1.9.10/maven-resolver-transport-wagon-1.9.10.jar:/home/parsa/.m2/repository/org/apache/maven/wagon/wagon-http/3.5.3/wagon-http-3.5.3.jar:/home/parsa/.m2/repository/org/apache/maven/wagon/wagon-file/3.5.3/wagon-file-3.5.3.jar:/home/parsa/.m2/repository/io/quarkus/quarkus-bootstrap-gradle-resolver/3.2.0.Final/quarkus-bootstrap-gradle-resolver-3.2.0.Final.jar:/home/parsa/.m2/repository/io/smallrye/jandex/3.1.2/jandex-3.1.2.jar:/home/parsa/.m2/repository/commons-io/commons-io/2.13.0/commons-io-2.13.0.jar:/home/parsa/.m2/repository/io/quarkus/quarkus-junit5-properties/3.2.0.Final/quarkus-junit5-properties-3.2.0.Final.jar:/home/parsa/.m2/repository/org/junit/jupiter/junit-jupiter/5.9.3/junit-jupiter-5.9.3.jar:/home/parsa/.m2/repository/org/junit/jupiter/junit-jupiter-api/5.9.3/junit-jupiter-api-5.9.3.jar:/home/parsa/.m2/repository/org/opentest4j/opentest4j/1.2.0/opentest4j-1.2.0.jar:/home/parsa/.m2/repository/org/junit/platform/junit-platform-commons/1.9.3/junit-platform-commons-1.9.3.jar:/home/parsa/.m2/repository/org/apiguardian/apiguardian-api/1.1.2/apiguardian-api-1.1.2.jar:/home/parsa/.m2/repository/org/junit/jupiter/junit-jupiter-params/5.9.3/junit-jupiter-params-5.9.3.jar:/home/parsa/.m2/repository/org/junit/jupiter/junit-jupiter-engine/5.9.3/junit-jupiter-engine-5.9.3.jar:/home/parsa/.m2/repository/org/junit/platform/junit-platform-engine/1.9.3/junit-platform-engine-1.9.3.jar:/home/parsa/.m2/repository/com/thoughtworks/xstream/xstream/1.4.20/xstream-1.4.20.jar:/home/parsa/.m2/repository/io/github/x-stream/mxparser/1.2.2/mxparser-1.2.2.jar:/home/parsa/.m2/repository/xmlpull/xmlpull/1.1.3.1/xmlpull-1.1.3.1.jar:/home/parsa/.m2/repository/io/rest-assured/rest-assured/5.3.0/rest-assured-5.3.0.jar:/home/parsa/.m2/repository/org/apache/groovy/groovy-xml/4.0.6/groovy-xml-4.0.6.jar:/home/parsa/.m2/repository/org/apache/httpcomponents/httpclient/4.5.14/httpclient-4.5.14.jar:/home/parsa/.m2/repository/org/apache/httpcomponents/httpcore/4.4.16/httpcore-4.4.16.jar:/home/parsa/.m2/repository/commons-codec/commons-codec/1.16.0/commons-codec-1.16.0.jar:/home/parsa/.m2/repository/org/apache/httpcomponents/httpmime/4.5.14/httpmime-4.5.14.jar:/home/parsa/.m2/repository/org/hamcrest/hamcrest/2.1/hamcrest-2.1.jar:/home/parsa/.m2/repository/org/ccil/cowan/tagsoup/tagsoup/1.2.1/tagsoup-1.2.1.jar:/home/parsa/.m2/repository/io/rest-assured/json-path/5.3.0/json-path-5.3.0.jar:/home/parsa/.m2/repository/org/apache/groovy/groovy-json/4.0.6/groovy-json-4.0.6.jar:/home/parsa/.m2/repository/io/rest-assured/rest-assured-common/5.3.0/rest-assured-common-5.3.0.jar:/home/parsa/.m2/repository/io/rest-assured/xml-path/5.3.0/xml-path-5.3.0.jar:/home/parsa/.m2/repository/org/apache/commons/commons-lang3/3.12.0/commons-lang3-3.12.0.jar:"/>
    <property name="sun.cpu.endian" value="little"/>
    <property name="vertx.disableWebsockets" value="true"/>
    <property name="user.home" value="/home/parsa"/>
    <property name="user.language" value="en"/>
    <property name="jboss.log-version" value="false"/>
    <property name="java.specification.vendor" value="Oracle Corporation"/>
    <property name="io.netty.allocator.maxOrder" value="3"/>
    <property name="java.version.date" value="2023-04-18"/>
    <property name="java.home" value="/usr/lib/jvm/java-17-openjdk"/>
    <property name="file.separator" value="/"/>
    <property name="style.color" value="always"/>
    <property name="basedir" value="/home/parsa/Documents/arch-parsa/Development/mini-projects/about-me-open/practice-code/ui-ux/prototype1.1"/>
    <property name="java.vm.compressedOopsMode" value="32-bit"/>
    <property name="line.separator" value="&#10;"/>
    <property name="java.specification.name" value="Java Platform API Specification"/>
    <property name="java.vm.specification.vendor" value="Oracle Corporation"/>
    <property name="surefire.real.class.path" value="/home/parsa/Documents/arch-parsa/Development/mini-projects/about-me-open/practice-code/ui-ux/prototype1.1/target/surefire/surefirebooter-20230712221658604_3.jar"/>
    <property name="sun.management.compiler" value="HotSpot 64-Bit Tiered Compilers"/>
    <property name="java.runtime.version" value="17.0.7+7"/>
    <property name="user.name" value="parsa"/>
    <property name="path.separator" value=":"/>
    <property name="os.version" value="6.1.38-1-MANJARO"/>
    <property name="java.runtime.name" value="OpenJDK Runtime Environment"/>
    <property name="file.encoding" value="UTF-8"/>
    <property name="java.vm.name" value="OpenJDK 64-Bit Server VM"/>
    <property name="localRepository" value="/home/parsa/.m2/repository"/>
    <property name="java.vendor.url.bug" value="https://bugreport.java.com/bugreport/"/>
    <property name="java.io.tmpdir" value="/tmp"/>
    <property name="quarkus.log.file.path" value="target/quarkus.log"/>
    <property name="java.version" value="17.0.7"/>
    <property name="java.util.concurrent.ForkJoinPool.common.threadFactory" value="io.quarkus.bootstrap.forkjoin.QuarkusForkJoinWorkerThreadFactory"/>
    <property name="user.dir" value="/home/parsa/Documents/arch-parsa/Development/mini-projects/about-me-open/practice-code/ui-ux/prototype1.1"/>
    <property name="os.arch" value="amd64"/>
    <property name="java.vm.specification.name" value="Java Virtual Machine Specification"/>
    <property name="vertx.disableDnsResolver" value="true"/>
    <property name="native.encoding" value="UTF-8"/>
    <property name="java.util.logging.manager" value="org.jboss.logmanager.LogManager"/>
    <property name="java.library.path" value="/usr/java/packages/lib:/usr/lib64:/lib64:/lib:/usr/lib"/>
    <property name="java.vm.info" value="mixed mode"/>
    <property name="java.vendor" value="N/A"/>
    <property name="vertx.disableTCCL" value="true"/>
    <property name="java.vm.version" value="17.0.7+7"/>
    <property name="sun.io.unicode.encoding" value="UnicodeLittle"/>
    <property name="io.netty.machineId" value="fb:0f:8b:19:d4:79:68:a5"/>
    <property name="java.class.version" value="61.0"/>
  </properties>
  <testcase name="testHelloEndpoint" classname="org.acme.GreetingResourceTest" time="1.156">
    <system-out><![CDATA[2023-07-12 22:18:09,877 INFO  [io.quarkus] (main) prototype1.1 1.0.0-SNAPSHOT on JVM (powered by Quarkus 3.2.0.Final) started in 12.989s. Listening on: http://localhost:8081
2023-07-12 22:18:09,880 INFO  [io.quarkus] (main) Profile test activated. 
2023-07-12 22:18:09,880 INFO  [io.quarkus] (main) Installed features: [cdi, groovy, kubernetes, resteasy-reactive, resteasy-reactive-jackson, smallrye-context-propagation, vertx]
]]></system-out>
  </testcase>
</testsuite>